android-apk/app/build/intermediates/manifest_merge_blame_file/release/manifest-merger-blame-release-report.txt
1<?xml version="1.0" encoding="utf-8"?>
2<manifest xmlns:android="http://schemas.android.com/apk/res/android"
3    package="com.le.quote"
4    android:versionCode="6"
5    android:versionName="2.1.5" >
6
7    <uses-sdk
8        android:minSdkVersion="24"
9        android:targetSdkVersion="35" />
10
11    <uses-permission android:name="android.permission.INTERNET" />
11-->src\main\AndroidManifest.xml:3:5-67
11-->src\main\AndroidManifest.xml:3:22-64
12    <uses-permission android:name="android.permission.VIBRATE" />
12-->src\main\AndroidManifest.xml:4:5-66
12-->src\main\AndroidManifest.xml:4:22-63
13    <uses-permission
13-->src\main\AndroidManifest.xml:5:5-108
14        android:name="android.permission.WRITE_EXTERNAL_STORAGE"
14-->src\main\AndroidManifest.xml:5:22-78
15        android:maxSdkVersion="28" />
15-->src\main\AndroidManifest.xml:5:79-105
16
17    <!-- Notification permission for Android 13+ (required at runtime) -->
18    <uses-permission android:name="android.permission.POST_NOTIFICATIONS" />
18-->src\main\AndroidManifest.xml:8:5-77
18-->src\main\AndroidManifest.xml:8:22-74
19
20    <application
20-->src\main\AndroidManifest.xml:10:5-27:19
21        android:allowBackup="true"
21-->src\main\AndroidManifest.xml:11:9-35
22        android:extractNativeLibs="false"
23        android:icon="@mipmap/ic_launcher"
23-->src\main\AndroidManifest.xml:12:9-43
24        android:label="LE报价"
24-->src\main\AndroidManifest.xml:13:9-29
25        android:requestLegacyExternalStorage="true"
25-->src\main\AndroidManifest.xml:17:9-52
26        android:supportsRtl="true"
26-->src\main\AndroidManifest.xml:14:9-35
27        android:theme="@style/Theme.LEQuote"
27-->src\main\AndroidManifest.xml:15:9-45
28        android:usesCleartextTraffic="true" >
28-->src\main\AndroidManifest.xml:16:9-44
29        <activity
29-->src\main\AndroidManifest.xml:18:9-26:20
30            android:name="com.le.quote.MainActivity"
30-->src\main\AndroidManifest.xml:19:13-41
31            android:configChanges="orientation|screenSize|screenLayout|keyboardHidden"
31-->src\main\AndroidManifest.xml:20:13-87
32            android:exported="true" >
32-->src\main\AndroidManifest.xml:21:13-36
33            <intent-filter>
33-->src\main\AndroidManifest.xml:22:13-25:29
34                <action android:name="android.intent.action.MAIN" />
34-->src\main\AndroidManifest.xml:23:17-69
34-->src\main\AndroidManifest.xml:23:25-66
35
36                <category android:name="android.intent.category.LAUNCHER" />
36-->src\main\AndroidManifest.xml:24:17-77
36-->src\main\AndroidManifest.xml:24:27-74
37            </intent-filter>
38        </activity>
39    </application>
40
41</manifest>